\BOOKMARK [1][-]{section.1}{\376\377\0001\000\040\000N\000a\000m\000e\000s\000p\000a\000c\000e\000\040\000I\000n\000d\000e\000x}{}% 1
\BOOKMARK [2][-]{subsection.1.1}{\376\377\0001\000.\0001\000\040\000N\000a\000m\000e\000s\000p\000a\000c\000e\000\040\000L\000i\000s\000t}{section.1}% 2
\BOOKMARK [1][-]{section.2}{\376\377\0002\000\040\000H\000i\000e\000r\000a\000r\000c\000h\000i\000c\000a\000l\000\040\000I\000n\000d\000e\000x}{}% 3
\BOOKMARK [2][-]{subsection.2.1}{\376\377\0002\000.\0001\000\040\000C\000l\000a\000s\000s\000\040\000H\000i\000e\000r\000a\000r\000c\000h\000y}{section.2}% 4
\BOOKMARK [1][-]{section.3}{\376\377\0003\000\040\000C\000l\000a\000s\000s\000\040\000I\000n\000d\000e\000x}{}% 5
\BOOKMARK [2][-]{subsection.3.1}{\376\377\0003\000.\0001\000\040\000C\000l\000a\000s\000s\000\040\000L\000i\000s\000t}{section.3}% 6
\BOOKMARK [1][-]{section.4}{\376\377\0004\000\040\000F\000i\000l\000e\000\040\000I\000n\000d\000e\000x}{}% 7
\BOOKMARK [2][-]{subsection.4.1}{\376\377\0004\000.\0001\000\040\000F\000i\000l\000e\000\040\000L\000i\000s\000t}{section.4}% 8
\BOOKMARK [1][-]{section.5}{\376\377\0005\000\040\000N\000a\000m\000e\000s\000p\000a\000c\000e\000\040\000D\000o\000c\000u\000m\000e\000n\000t\000a\000t\000i\000o\000n}{}% 9
\BOOKMARK [2][-]{subsection.5.1}{\376\377\0005\000.\0001\000\040\000A\000s\000s\000e\000m\000b\000l\000y\000\040\000N\000a\000m\000e\000s\000p\000a\000c\000e\000\040\000R\000e\000f\000e\000r\000e\000n\000c\000e}{section.5}% 10
\BOOKMARK [2][-]{subsection.5.2}{\376\377\0005\000.\0002\000\040\000A\000s\000s\000e\000m\000b\000l\000y\000:\000:\000C\000o\000p\000y\000D\000a\000t\000a\000\040\000N\000a\000m\000e\000s\000p\000a\000c\000e\000\040\000R\000e\000f\000e\000r\000e\000n\000c\000e}{section.5}% 11
\BOOKMARK [2][-]{subsection.5.3}{\376\377\0005\000.\0003\000\040\000A\000s\000s\000e\000m\000b\000l\000y\000:\000:\000S\000c\000r\000a\000t\000c\000h\000\040\000N\000a\000m\000e\000s\000p\000a\000c\000e\000\040\000R\000e\000f\000e\000r\000e\000n\000c\000e}{section.5}% 12
\BOOKMARK [2][-]{subsection.5.4}{\376\377\0005\000.\0004\000\040\000E\000q\000u\000a\000t\000i\000o\000n\000D\000a\000t\000a\000\040\000N\000a\000m\000e\000s\000p\000a\000c\000e\000\040\000R\000e\000f\000e\000r\000e\000n\000c\000e}{section.5}% 13
\BOOKMARK [3][-]{subsubsection.5.4.1}{\376\377\0005\000.\0004\000.\0001\000\040\000V\000a\000r\000i\000a\000b\000l\000e\000\040\000D\000o\000c\000u\000m\000e\000n\000t\000a\000t\000i\000o\000n}{subsection.5.4}% 14
\BOOKMARK [2][-]{subsection.5.5}{\376\377\0005\000.\0005\000\040\000p\000s\000\137\000m\000m\000m\000\040\000N\000a\000m\000e\000s\000p\000a\000c\000e\000\040\000R\000e\000f\000e\000r\000e\000n\000c\000e}{section.5}% 15
\BOOKMARK [2][-]{subsection.5.6}{\376\377\0005\000.\0006\000\040\000p\000s\000\137\000m\000m\000m\000:\000:\000P\000a\000r\000t\000i\000c\000l\000e\000\040\000N\000a\000m\000e\000s\000p\000a\000c\000e\000\040\000R\000e\000f\000e\000r\000e\000n\000c\000e}{section.5}% 16
\BOOKMARK [3][-]{subsubsection.5.6.1}{\376\377\0005\000.\0006\000.\0001\000\040\000T\000y\000p\000e\000d\000e\000f\000\040\000D\000o\000c\000u\000m\000e\000n\000t\000a\000t\000i\000o\000n}{subsection.5.6}% 17
\BOOKMARK [3][-]{subsubsection.5.6.2}{\376\377\0005\000.\0006\000.\0002\000\040\000V\000a\000r\000i\000a\000b\000l\000e\000\040\000D\000o\000c\000u\000m\000e\000n\000t\000a\000t\000i\000o\000n}{subsection.5.6}% 18
\BOOKMARK [2][-]{subsection.5.7}{\376\377\0005\000.\0007\000\040\000p\000s\000\137\000m\000m\000m\000:\000:\000P\000a\000r\000t\000i\000c\000l\000e\000:\000:\000G\000e\000n\000e\000r\000a\000t\000o\000r\000\040\000N\000a\000m\000e\000s\000p\000a\000c\000e\000\040\000R\000e\000f\000e\000r\000e\000n\000c\000e}{section.5}% 19
\BOOKMARK [3][-]{subsubsection.5.7.1}{\376\377\0005\000.\0007\000.\0001\000\040\000F\000u\000n\000c\000t\000i\000o\000n\000\040\000D\000o\000c\000u\000m\000e\000n\000t\000a\000t\000i\000o\000n}{subsection.5.7}% 20
\BOOKMARK [2][-]{subsection.5.8}{\376\377\0005\000.\0008\000\040\000p\000s\000\137\000m\000m\000m\000:\000:\000P\000a\000r\000t\000i\000c\000l\000e\000:\000:\000I\000n\000t\000e\000g\000r\000a\000t\000o\000r\000\040\000N\000a\000m\000e\000s\000p\000a\000c\000e\000\040\000R\000e\000f\000e\000r\000e\000n\000c\000e}{section.5}% 21
\BOOKMARK [3][-]{subsubsection.5.8.1}{\376\377\0005\000.\0008\000.\0001\000\040\000F\000u\000n\000c\000t\000i\000o\000n\000\040\000D\000o\000c\000u\000m\000e\000n\000t\000a\000t\000i\000o\000n}{subsection.5.8}% 22
\BOOKMARK [2][-]{subsection.5.9}{\376\377\0005\000.\0009\000\040\000p\000s\000\137\000m\000m\000m\000:\000:\000P\000a\000r\000t\000i\000c\000l\000e\000:\000:\000O\000u\000t\000p\000u\000t\000\040\000N\000a\000m\000e\000s\000p\000a\000c\000e\000\040\000R\000e\000f\000e\000r\000e\000n\000c\000e}{section.5}% 23
\BOOKMARK [3][-]{subsubsection.5.9.1}{\376\377\0005\000.\0009\000.\0001\000\040\000F\000u\000n\000c\000t\000i\000o\000n\000\040\000D\000o\000c\000u\000m\000e\000n\000t\000a\000t\000i\000o\000n}{subsection.5.9}% 24
\BOOKMARK [1][-]{section.6}{\376\377\0006\000\040\000C\000l\000a\000s\000s\000\040\000D\000o\000c\000u\000m\000e\000n\000t\000a\000t\000i\000o\000n}{}% 25
\BOOKMARK [2][-]{subsection.6.1}{\376\377\0006\000.\0001\000\040\000p\000s\000\137\000m\000m\000m\000:\000:\000P\000a\000r\000t\000i\000c\000l\000e\000:\000:\000O\000u\000t\000p\000u\000t\000:\000:\000A\000S\000C\000I\000I\000O\000u\000t\000p\000u\000t\000<\000\040\000d\000i\000m\000,\000\040\000T\000\040\000>\000\040\000C\000l\000a\000s\000s\000\040\000T\000e\000m\000p\000l\000a\000t\000e\000\040\000R\000e\000f\000e\000r\000e\000n\000c\000e}{section.6}% 26
\BOOKMARK [3][-]{subsubsection.6.1.1}{\376\377\0006\000.\0001\000.\0001\000\040\000C\000o\000n\000s\000t\000r\000u\000c\000t\000o\000r\000\040\000\046\000\040\000D\000e\000s\000t\000r\000u\000c\000t\000o\000r\000\040\000D\000o\000c\000u\000m\000e\000n\000t\000a\000t\000i\000o\000n}{subsection.6.1}% 27
\BOOKMARK [3][-]{subsubsection.6.1.2}{\376\377\0006\000.\0001\000.\0002\000\040\000M\000e\000m\000b\000e\000r\000\040\000F\000u\000n\000c\000t\000i\000o\000n\000\040\000D\000o\000c\000u\000m\000e\000n\000t\000a\000t\000i\000o\000n}{subsection.6.1}% 28
\BOOKMARK [2][-]{subsection.6.2}{\376\377\0006\000.\0002\000\040\000p\000s\000\137\000m\000m\000m\000:\000:\000P\000a\000r\000t\000i\000c\000l\000e\000:\000:\000B\000a\000s\000e\000P\000a\000r\000t\000i\000c\000l\000e\000<\000\040\000d\000i\000m\000\040\000>\000\040\000C\000l\000a\000s\000s\000\040\000T\000e\000m\000p\000l\000a\000t\000e\000\040\000R\000e\000f\000e\000r\000e\000n\000c\000e}{section.6}% 29
\BOOKMARK [3][-]{subsubsection.6.2.1}{\376\377\0006\000.\0002\000.\0001\000\040\000D\000e\000t\000a\000i\000l\000e\000d\000\040\000D\000e\000s\000c\000r\000i\000p\000t\000i\000o\000n}{subsection.6.2}% 30
\BOOKMARK [3][-]{subsubsection.6.2.2}{\376\377\0006\000.\0002\000.\0002\000\040\000C\000o\000n\000s\000t\000r\000u\000c\000t\000o\000r\000\040\000\046\000\040\000D\000e\000s\000t\000r\000u\000c\000t\000o\000r\000\040\000D\000o\000c\000u\000m\000e\000n\000t\000a\000t\000i\000o\000n}{subsection.6.2}% 31
\BOOKMARK [3][-]{subsubsection.6.2.3}{\376\377\0006\000.\0002\000.\0003\000\040\000M\000e\000m\000b\000e\000r\000\040\000F\000u\000n\000c\000t\000i\000o\000n\000\040\000D\000o\000c\000u\000m\000e\000n\000t\000a\000t\000i\000o\000n}{subsection.6.2}% 32
\BOOKMARK [2][-]{subsection.6.3}{\376\377\0006\000.\0003\000\040\000E\000q\000u\000a\000t\000i\000o\000n\000D\000a\000t\000a\000:\000:\000c\000o\000n\000c\000e\000n\000t\000r\000I\000n\000i\000t\000i\000a\000l\000V\000a\000l\000u\000e\000s\000<\000\040\000d\000i\000m\000\040\000>\000\040\000C\000l\000a\000s\000s\000\040\000T\000e\000m\000p\000l\000a\000t\000e\000\040\000R\000e\000f\000e\000r\000e\000n\000c\000e}{section.6}% 33
\BOOKMARK [3][-]{subsubsection.6.3.1}{\376\377\0006\000.\0003\000.\0001\000\040\000C\000o\000n\000s\000t\000r\000u\000c\000t\000o\000r\000\040\000\046\000\040\000D\000e\000s\000t\000r\000u\000c\000t\000o\000r\000\040\000D\000o\000c\000u\000m\000e\000n\000t\000a\000t\000i\000o\000n}{subsection.6.3}% 34
\BOOKMARK [3][-]{subsubsection.6.3.2}{\376\377\0006\000.\0003\000.\0002\000\040\000M\000e\000m\000b\000e\000r\000\040\000F\000u\000n\000c\000t\000i\000o\000n\000\040\000D\000o\000c\000u\000m\000e\000n\000t\000a\000t\000i\000o\000n}{subsection.6.3}% 35
\BOOKMARK [3][-]{subsubsection.6.3.3}{\376\377\0006\000.\0003\000.\0003\000\040\000M\000e\000m\000b\000e\000r\000\040\000D\000a\000t\000a\000\040\000D\000o\000c\000u\000m\000e\000n\000t\000a\000t\000i\000o\000n}{subsection.6.3}% 36
\BOOKMARK [2][-]{subsection.6.4}{\376\377\0006\000.\0004\000\040\000E\000q\000u\000a\000t\000i\000o\000n\000D\000a\000t\000a\000:\000:\000c\000o\000n\000c\000e\000n\000t\000r\000I\000n\000l\000e\000t\000V\000a\000l\000u\000e\000s\000<\000\040\000d\000i\000m\000\040\000>\000\040\000C\000l\000a\000s\000s\000\040\000T\000e\000m\000p\000l\000a\000t\000e\000\040\000R\000e\000f\000e\000r\000e\000n\000c\000e}{section.6}% 37
\BOOKMARK [3][-]{subsubsection.6.4.1}{\376\377\0006\000.\0004\000.\0001\000\040\000C\000o\000n\000s\000t\000r\000u\000c\000t\000o\000r\000\040\000\046\000\040\000D\000e\000s\000t\000r\000u\000c\000t\000o\000r\000\040\000D\000o\000c\000u\000m\000e\000n\000t\000a\000t\000i\000o\000n}{subsection.6.4}% 38
\BOOKMARK [3][-]{subsubsection.6.4.2}{\376\377\0006\000.\0004\000.\0002\000\040\000M\000e\000m\000b\000e\000r\000\040\000F\000u\000n\000c\000t\000i\000o\000n\000\040\000D\000o\000c\000u\000m\000e\000n\000t\000a\000t\000i\000o\000n}{subsection.6.4}% 39
\BOOKMARK [2][-]{subsection.6.5}{\376\377\0006\000.\0005\000\040\000A\000s\000s\000e\000m\000b\000l\000y\000:\000:\000S\000c\000r\000a\000t\000c\000h\000:\000:\000c\000o\000n\000c\000e\000n\000t\000r\000M\000a\000t\000r\000i\000x\000<\000\040\000d\000i\000m\000\040\000>\000\040\000S\000t\000r\000u\000c\000t\000\040\000T\000e\000m\000p\000l\000a\000t\000e\000\040\000R\000e\000f\000e\000r\000e\000n\000c\000e}{section.6}% 40
\BOOKMARK [3][-]{subsubsection.6.5.1}{\376\377\0006\000.\0005\000.\0001\000\040\000C\000o\000n\000s\000t\000r\000u\000c\000t\000o\000r\000\040\000\046\000\040\000D\000e\000s\000t\000r\000u\000c\000t\000o\000r\000\040\000D\000o\000c\000u\000m\000e\000n\000t\000a\000t\000i\000o\000n}{subsection.6.5}% 41
\BOOKMARK [3][-]{subsubsection.6.5.2}{\376\377\0006\000.\0005\000.\0002\000\040\000M\000e\000m\000b\000e\000r\000\040\000D\000a\000t\000a\000\040\000D\000o\000c\000u\000m\000e\000n\000t\000a\000t\000i\000o\000n}{subsection.6.5}% 42
\BOOKMARK [2][-]{subsection.6.6}{\376\377\0006\000.\0006\000\040\000A\000s\000s\000e\000m\000b\000l\000y\000:\000:\000C\000o\000p\000y\000D\000a\000t\000a\000:\000:\000c\000o\000n\000c\000e\000n\000t\000r\000M\000a\000t\000r\000i\000x\000<\000\040\000d\000i\000m\000\040\000>\000\040\000S\000t\000r\000u\000c\000t\000\040\000T\000e\000m\000p\000l\000a\000t\000e\000\040\000R\000e\000f\000e\000r\000e\000n\000c\000e}{section.6}% 43
\BOOKMARK [3][-]{subsubsection.6.6.1}{\376\377\0006\000.\0006\000.\0001\000\040\000C\000o\000n\000s\000t\000r\000u\000c\000t\000o\000r\000\040\000\046\000\040\000D\000e\000s\000t\000r\000u\000c\000t\000o\000r\000\040\000D\000o\000c\000u\000m\000e\000n\000t\000a\000t\000i\000o\000n}{subsection.6.6}% 44
\BOOKMARK [3][-]{subsubsection.6.6.2}{\376\377\0006\000.\0006\000.\0002\000\040\000M\000e\000m\000b\000e\000r\000\040\000D\000a\000t\000a\000\040\000D\000o\000c\000u\000m\000e\000n\000t\000a\000t\000i\000o\000n}{subsection.6.6}% 45
\BOOKMARK [2][-]{subsection.6.7}{\376\377\0006\000.\0007\000\040\000A\000s\000s\000e\000m\000b\000l\000y\000:\000:\000S\000c\000r\000a\000t\000c\000h\000:\000:\000c\000o\000n\000c\000e\000n\000t\000r\000R\000H\000S\000<\000\040\000d\000i\000m\000\040\000>\000\040\000S\000t\000r\000u\000c\000t\000\040\000T\000e\000m\000p\000l\000a\000t\000e\000\040\000R\000e\000f\000e\000r\000e\000n\000c\000e}{section.6}% 46
\BOOKMARK [3][-]{subsubsection.6.7.1}{\376\377\0006\000.\0007\000.\0001\000\040\000C\000o\000n\000s\000t\000r\000u\000c\000t\000o\000r\000\040\000\046\000\040\000D\000e\000s\000t\000r\000u\000c\000t\000o\000r\000\040\000D\000o\000c\000u\000m\000e\000n\000t\000a\000t\000i\000o\000n}{subsection.6.7}% 47
\BOOKMARK [3][-]{subsubsection.6.7.2}{\376\377\0006\000.\0007\000.\0002\000\040\000M\000e\000m\000b\000e\000r\000\040\000D\000a\000t\000a\000\040\000D\000o\000c\000u\000m\000e\000n\000t\000a\000t\000i\000o\000n}{subsection.6.7}% 48
\BOOKMARK [2][-]{subsection.6.8}{\376\377\0006\000.\0008\000\040\000A\000s\000s\000e\000m\000b\000l\000y\000:\000:\000C\000o\000p\000y\000D\000a\000t\000a\000:\000:\000c\000o\000n\000c\000e\000n\000t\000r\000R\000H\000S\000<\000\040\000d\000i\000m\000\040\000>\000\040\000S\000t\000r\000u\000c\000t\000\040\000T\000e\000m\000p\000l\000a\000t\000e\000\040\000R\000e\000f\000e\000r\000e\000n\000c\000e}{section.6}% 49
\BOOKMARK [3][-]{subsubsection.6.8.1}{\376\377\0006\000.\0008\000.\0001\000\040\000C\000o\000n\000s\000t\000r\000u\000c\000t\000o\000r\000\040\000\046\000\040\000D\000e\000s\000t\000r\000u\000c\000t\000o\000r\000\040\000D\000o\000c\000u\000m\000e\000n\000t\000a\000t\000i\000o\000n}{subsection.6.8}% 50
\BOOKMARK [3][-]{subsubsection.6.8.2}{\376\377\0006\000.\0008\000.\0002\000\040\000M\000e\000m\000b\000e\000r\000\040\000D\000a\000t\000a\000\040\000D\000o\000c\000u\000m\000e\000n\000t\000a\000t\000i\000o\000n}{subsection.6.8}% 51
\BOOKMARK [2][-]{subsection.6.9}{\376\377\0006\000.\0009\000\040\000p\000s\000\137\000m\000m\000m\000:\000:\000P\000a\000r\000t\000i\000c\000l\000e\000:\000:\000D\000a\000t\000a\000P\000a\000r\000t\000i\000c\000l\000e\000<\000\040\000d\000i\000m\000,\000\040\000d\000a\000t\000a\000\137\000d\000i\000m\000\040\000>\000\040\000C\000l\000a\000s\000s\000\040\000T\000e\000m\000p\000l\000a\000t\000e\000\040\000R\000e\000f\000e\000r\000e\000n\000c\000e}{section.6}% 52
\BOOKMARK [3][-]{subsubsection.6.9.1}{\376\377\0006\000.\0009\000.\0001\000\040\000D\000e\000t\000a\000i\000l\000e\000d\000\040\000D\000e\000s\000c\000r\000i\000p\000t\000i\000o\000n}{subsection.6.9}% 53
\BOOKMARK [2][-]{subsection.6.10}{\376\377\0006\000.\0001\0000\000\040\000A\000s\000s\000e\000m\000b\000l\000y\000:\000:\000S\000c\000r\000a\000t\000c\000h\000:\000:\000d\000i\000f\000f\000u\000s\000i\000o\000n\000\137\000s\000t\000e\000p\000<\000\040\000d\000i\000m\000\040\000>\000\040\000S\000t\000r\000u\000c\000t\000\040\000T\000e\000m\000p\000l\000a\000t\000e\000\040\000R\000e\000f\000e\000r\000e\000n\000c\000e}{section.6}% 54
\BOOKMARK [3][-]{subsubsection.6.10.1}{\376\377\0006\000.\0001\0000\000.\0001\000\040\000C\000o\000n\000s\000t\000r\000u\000c\000t\000o\000r\000\040\000\046\000\040\000D\000e\000s\000t\000r\000u\000c\000t\000o\000r\000\040\000D\000o\000c\000u\000m\000e\000n\000t\000a\000t\000i\000o\000n}{subsection.6.10}% 55
\BOOKMARK [3][-]{subsubsection.6.10.2}{\376\377\0006\000.\0001\0000\000.\0002\000\040\000M\000e\000m\000b\000e\000r\000\040\000D\000a\000t\000a\000\040\000D\000o\000c\000u\000m\000e\000n\000t\000a\000t\000i\000o\000n}{subsection.6.10}% 56
\BOOKMARK [2][-]{subsection.6.11}{\376\377\0006\000.\0001\0001\000\040\000A\000s\000s\000e\000m\000b\000l\000y\000:\000:\000C\000o\000p\000y\000D\000a\000t\000a\000:\000:\000d\000i\000f\000f\000u\000s\000i\000o\000n\000\137\000s\000t\000e\000p\000<\000\040\000d\000i\000m\000\040\000>\000\040\000S\000t\000r\000u\000c\000t\000\040\000T\000e\000m\000p\000l\000a\000t\000e\000\040\000R\000e\000f\000e\000r\000e\000n\000c\000e}{section.6}% 57
\BOOKMARK [3][-]{subsubsection.6.11.1}{\376\377\0006\000.\0001\0001\000.\0001\000\040\000C\000o\000n\000s\000t\000r\000u\000c\000t\000o\000r\000\040\000\046\000\040\000D\000e\000s\000t\000r\000u\000c\000t\000o\000r\000\040\000D\000o\000c\000u\000m\000e\000n\000t\000a\000t\000i\000o\000n}{subsection.6.11}% 58
\BOOKMARK [3][-]{subsubsection.6.11.2}{\376\377\0006\000.\0001\0001\000.\0002\000\040\000M\000e\000m\000b\000e\000r\000\040\000D\000a\000t\000a\000\040\000D\000o\000c\000u\000m\000e\000n\000t\000a\000t\000i\000o\000n}{subsection.6.11}% 59
\BOOKMARK [2][-]{subsection.6.12}{\376\377\0006\000.\0001\0002\000\040\000p\000s\000\137\000m\000m\000m\000:\000:\000P\000a\000r\000t\000i\000c\000l\000e\000:\000:\000I\000n\000t\000e\000g\000r\000a\000t\000o\000r\000:\000:\000E\000u\000l\000e\000r\000I\000n\000t\000e\000g\000r\000a\000t\000o\000r\000<\000\040\000d\000i\000m\000,\000\040\000T\000\040\000>\000\040\000C\000l\000a\000s\000s\000\040\000T\000e\000m\000p\000l\000a\000t\000e\000\040\000R\000e\000f\000e\000r\000e\000n\000c\000e}{section.6}% 60
\BOOKMARK [3][-]{subsubsection.6.12.1}{\376\377\0006\000.\0001\0002\000.\0001\000\040\000D\000e\000t\000a\000i\000l\000e\000d\000\040\000D\000e\000s\000c\000r\000i\000p\000t\000i\000o\000n}{subsection.6.12}% 61
\BOOKMARK [3][-]{subsubsection.6.12.2}{\376\377\0006\000.\0001\0002\000.\0002\000\040\000M\000e\000m\000b\000e\000r\000\040\000F\000u\000n\000c\000t\000i\000o\000n\000\040\000D\000o\000c\000u\000m\000e\000n\000t\000a\000t\000i\000o\000n}{subsection.6.12}% 62
\BOOKMARK [2][-]{subsection.6.13}{\376\377\0006\000.\0001\0003\000\040\000p\000s\000\137\000m\000m\000m\000:\000:\000P\000a\000r\000t\000i\000c\000l\000e\000:\000:\000O\000u\000t\000p\000u\000t\000:\000:\000H\000D\000F\0005\000O\000u\000t\000p\000u\000t\000<\000\040\000d\000i\000m\000,\000\040\000T\000\040\000>\000\040\000C\000l\000a\000s\000s\000\040\000T\000e\000m\000p\000l\000a\000t\000e\000\040\000R\000e\000f\000e\000r\000e\000n\000c\000e}{section.6}% 63
\BOOKMARK [3][-]{subsubsection.6.13.1}{\376\377\0006\000.\0001\0003\000.\0001\000\040\000C\000o\000n\000s\000t\000r\000u\000c\000t\000o\000r\000\040\000\046\000\040\000D\000e\000s\000t\000r\000u\000c\000t\000o\000r\000\040\000D\000o\000c\000u\000m\000e\000n\000t\000a\000t\000i\000o\000n}{subsection.6.13}% 64
\BOOKMARK [3][-]{subsubsection.6.13.2}{\376\377\0006\000.\0001\0003\000.\0002\000\040\000M\000e\000m\000b\000e\000r\000\040\000F\000u\000n\000c\000t\000i\000o\000n\000\040\000D\000o\000c\000u\000m\000e\000n\000t\000a\000t\000i\000o\000n}{subsection.6.13}% 65
\BOOKMARK [2][-]{subsection.6.14}{\376\377\0006\000.\0001\0004\000\040\000p\000s\000\137\000m\000m\000m\000:\000:\000P\000a\000r\000t\000i\000c\000l\000e\000:\000:\000I\000n\000t\000e\000g\000r\000a\000t\000o\000r\000:\000:\000H\000y\000b\000r\000i\000d\000I\000n\000t\000e\000g\000r\000a\000t\000o\000r\000<\000\040\000d\000i\000m\000,\000\040\000T\000\040\000>\000\040\000C\000l\000a\000s\000s\000\040\000T\000e\000m\000p\000l\000a\000t\000e\000\040\000R\000e\000f\000e\000r\000e\000n\000c\000e}{section.6}% 66
\BOOKMARK [3][-]{subsubsection.6.14.1}{\376\377\0006\000.\0001\0004\000.\0001\000\040\000D\000e\000t\000a\000i\000l\000e\000d\000\040\000D\000e\000s\000c\000r\000i\000p\000t\000i\000o\000n}{subsection.6.14}% 67
\BOOKMARK [3][-]{subsubsection.6.14.2}{\376\377\0006\000.\0001\0004\000.\0002\000\040\000C\000o\000n\000s\000t\000r\000u\000c\000t\000o\000r\000\040\000\046\000\040\000D\000e\000s\000t\000r\000u\000c\000t\000o\000r\000\040\000D\000o\000c\000u\000m\000e\000n\000t\000a\000t\000i\000o\000n}{subsection.6.14}% 68
\BOOKMARK [3][-]{subsubsection.6.14.3}{\376\377\0006\000.\0001\0004\000.\0003\000\040\000M\000e\000m\000b\000e\000r\000\040\000F\000u\000n\000c\000t\000i\000o\000n\000\040\000D\000o\000c\000u\000m\000e\000n\000t\000a\000t\000i\000o\000n}{subsection.6.14}% 69
\BOOKMARK [2][-]{subsection.6.15}{\376\377\0006\000.\0001\0005\000\040\000E\000q\000u\000a\000t\000i\000o\000n\000D\000a\000t\000a\000:\000:\000I\000n\000f\000l\000o\000w\000\137\000V\000e\000l\000o\000c\000i\000t\000y\000<\000\040\000d\000i\000m\000\040\000>\000\040\000C\000l\000a\000s\000s\000\040\000T\000e\000m\000p\000l\000a\000t\000e\000\040\000R\000e\000f\000e\000r\000e\000n\000c\000e}{section.6}% 70
\BOOKMARK [3][-]{subsubsection.6.15.1}{\376\377\0006\000.\0001\0005\000.\0001\000\040\000C\000o\000n\000s\000t\000r\000u\000c\000t\000o\000r\000\040\000\046\000\040\000D\000e\000s\000t\000r\000u\000c\000t\000o\000r\000\040\000D\000o\000c\000u\000m\000e\000n\000t\000a\000t\000i\000o\000n}{subsection.6.15}% 71
\BOOKMARK [3][-]{subsubsection.6.15.2}{\376\377\0006\000.\0001\0005\000.\0002\000\040\000M\000e\000m\000b\000e\000r\000\040\000F\000u\000n\000c\000t\000i\000o\000n\000\040\000D\000o\000c\000u\000m\000e\000n\000t\000a\000t\000i\000o\000n}{subsection.6.15}% 72
\BOOKMARK [3][-]{subsubsection.6.15.3}{\376\377\0006\000.\0001\0005\000.\0003\000\040\000M\000e\000m\000b\000e\000r\000\040\000D\000a\000t\000a\000\040\000D\000o\000c\000u\000m\000e\000n\000t\000a\000t\000i\000o\000n}{subsection.6.15}% 73
\BOOKMARK [2][-]{subsection.6.16}{\376\377\0006\000.\0001\0006\000\040\000p\000s\000\137\000m\000m\000m\000:\000:\000P\000a\000r\000t\000i\000c\000l\000e\000:\000:\000O\000u\000t\000p\000u\000t\000:\000:\000I\000n\000t\000e\000r\000f\000a\000c\000e\000<\000\040\000d\000i\000m\000,\000\040\000T\000\040\000>\000\040\000C\000l\000a\000s\000s\000\040\000T\000e\000m\000p\000l\000a\000t\000e\000\040\000R\000e\000f\000e\000r\000e\000n\000c\000e}{section.6}% 74
\BOOKMARK [3][-]{subsubsection.6.16.1}{\376\377\0006\000.\0001\0006\000.\0001\000\040\000D\000e\000t\000a\000i\000l\000e\000d\000\040\000D\000e\000s\000c\000r\000i\000p\000t\000i\000o\000n}{subsection.6.16}% 75
\BOOKMARK [3][-]{subsubsection.6.16.2}{\376\377\0006\000.\0001\0006\000.\0002\000\040\000C\000o\000n\000s\000t\000r\000u\000c\000t\000o\000r\000\040\000\046\000\040\000D\000e\000s\000t\000r\000u\000c\000t\000o\000r\000\040\000D\000o\000c\000u\000m\000e\000n\000t\000a\000t\000i\000o\000n}{subsection.6.16}% 76
\BOOKMARK [3][-]{subsubsection.6.16.3}{\376\377\0006\000.\0001\0006\000.\0003\000\040\000M\000e\000m\000b\000e\000r\000\040\000F\000u\000n\000c\000t\000i\000o\000n\000\040\000D\000o\000c\000u\000m\000e\000n\000t\000a\000t\000i\000o\000n}{subsection.6.16}% 77
\BOOKMARK [3][-]{subsubsection.6.16.4}{\376\377\0006\000.\0001\0006\000.\0004\000\040\000M\000e\000m\000b\000e\000r\000\040\000D\000a\000t\000a\000\040\000D\000o\000c\000u\000m\000e\000n\000t\000a\000t\000i\000o\000n}{subsection.6.16}% 78
\BOOKMARK [2][-]{subsection.6.17}{\376\377\0006\000.\0001\0007\000\040\000p\000s\000\137\000m\000m\000m\000:\000:\000P\000a\000r\000t\000i\000c\000l\000e\000:\000:\000G\000e\000n\000e\000r\000a\000t\000o\000r\000:\000:\000I\000n\000t\000e\000r\000f\000a\000c\000e\000<\000\040\000d\000i\000m\000,\000\040\000T\000\040\000>\000\040\000C\000l\000a\000s\000s\000\040\000T\000e\000m\000p\000l\000a\000t\000e\000\040\000R\000e\000f\000e\000r\000e\000n\000c\000e}{section.6}% 79
\BOOKMARK [3][-]{subsubsection.6.17.1}{\376\377\0006\000.\0001\0007\000.\0001\000\040\000D\000e\000t\000a\000i\000l\000e\000d\000\040\000D\000e\000s\000c\000r\000i\000p\000t\000i\000o\000n}{subsection.6.17}% 80
\BOOKMARK [3][-]{subsubsection.6.17.2}{\376\377\0006\000.\0001\0007\000.\0002\000\040\000C\000o\000n\000s\000t\000r\000u\000c\000t\000o\000r\000\040\000\046\000\040\000D\000e\000s\000t\000r\000u\000c\000t\000o\000r\000\040\000D\000o\000c\000u\000m\000e\000n\000t\000a\000t\000i\000o\000n}{subsection.6.17}% 81
\BOOKMARK [3][-]{subsubsection.6.17.3}{\376\377\0006\000.\0001\0007\000.\0003\000\040\000M\000e\000m\000b\000e\000r\000\040\000F\000u\000n\000c\000t\000i\000o\000n\000\040\000D\000o\000c\000u\000m\000e\000n\000t\000a\000t\000i\000o\000n}{subsection.6.17}% 82
\BOOKMARK [2][-]{subsection.6.18}{\376\377\0006\000.\0001\0008\000\040\000p\000s\000\137\000m\000m\000m\000:\000:\000P\000a\000r\000t\000i\000c\000l\000e\000:\000:\000I\000n\000t\000e\000g\000r\000a\000t\000o\000r\000:\000:\000I\000n\000t\000e\000r\000f\000a\000c\000e\000<\000\040\000d\000i\000m\000,\000\040\000T\000\040\000>\000\040\000C\000l\000a\000s\000s\000\040\000T\000e\000m\000p\000l\000a\000t\000e\000\040\000R\000e\000f\000e\000r\000e\000n\000c\000e}{section.6}% 83
\BOOKMARK [3][-]{subsubsection.6.18.1}{\376\377\0006\000.\0001\0008\000.\0001\000\040\000D\000e\000t\000a\000i\000l\000e\000d\000\040\000D\000e\000s\000c\000r\000i\000p\000t\000i\000o\000n}{subsection.6.18}% 84
\BOOKMARK [3][-]{subsubsection.6.18.2}{\376\377\0006\000.\0001\0008\000.\0002\000\040\000C\000o\000n\000s\000t\000r\000u\000c\000t\000o\000r\000\040\000\046\000\040\000D\000e\000s\000t\000r\000u\000c\000t\000o\000r\000\040\000D\000o\000c\000u\000m\000e\000n\000t\000a\000t\000i\000o\000n}{subsection.6.18}% 85
\BOOKMARK [3][-]{subsubsection.6.18.3}{\376\377\0006\000.\0001\0008\000.\0003\000\040\000M\000e\000m\000b\000e\000r\000\040\000F\000u\000n\000c\000t\000i\000o\000n\000\040\000D\000o\000c\000u\000m\000e\000n\000t\000a\000t\000i\000o\000n}{subsection.6.18}% 86
\BOOKMARK [2][-]{subsection.6.19}{\376\377\0006\000.\0001\0009\000\040\000p\000s\000\137\000m\000m\000m\000:\000:\000P\000a\000r\000t\000i\000c\000l\000e\000:\000:\000M\000P\000I\000D\000a\000t\000a\000I\000n\000f\000o\000\040\000C\000l\000a\000s\000s\000\040\000R\000e\000f\000e\000r\000e\000n\000c\000e}{section.6}% 87
\BOOKMARK [3][-]{subsubsection.6.19.1}{\376\377\0006\000.\0001\0009\000.\0001\000\040\000C\000o\000n\000s\000t\000r\000u\000c\000t\000o\000r\000\040\000\046\000\040\000D\000e\000s\000t\000r\000u\000c\000t\000o\000r\000\040\000D\000o\000c\000u\000m\000e\000n\000t\000a\000t\000i\000o\000n}{subsection.6.19}% 88
\BOOKMARK [3][-]{subsubsection.6.19.2}{\376\377\0006\000.\0001\0009\000.\0002\000\040\000M\000e\000m\000b\000e\000r\000\040\000D\000a\000t\000a\000\040\000D\000o\000c\000u\000m\000e\000n\000t\000a\000t\000i\000o\000n}{subsection.6.19}% 89
\BOOKMARK [2][-]{subsection.6.20}{\376\377\0006\000.\0002\0000\000\040\000p\000s\000\137\000m\000m\000m\000:\000:\000P\000a\000r\000t\000i\000c\000l\000e\000:\000:\000O\000u\000t\000p\000u\000t\000:\000:\000N\000u\000l\000l\000O\000u\000t\000p\000u\000t\000<\000\040\000d\000i\000m\000,\000\040\000T\000\040\000>\000\040\000C\000l\000a\000s\000s\000\040\000T\000e\000m\000p\000l\000a\000t\000e\000\040\000R\000e\000f\000e\000r\000e\000n\000c\000e}{section.6}% 90
\BOOKMARK [3][-]{subsubsection.6.20.1}{\376\377\0006\000.\0002\0000\000.\0001\000\040\000C\000o\000n\000s\000t\000r\000u\000c\000t\000o\000r\000\040\000\046\000\040\000D\000e\000s\000t\000r\000u\000c\000t\000o\000r\000\040\000D\000o\000c\000u\000m\000e\000n\000t\000a\000t\000i\000o\000n}{subsection.6.20}% 91
\BOOKMARK [3][-]{subsubsection.6.20.2}{\376\377\0006\000.\0002\0000\000.\0002\000\040\000M\000e\000m\000b\000e\000r\000\040\000F\000u\000n\000c\000t\000i\000o\000n\000\040\000D\000o\000c\000u\000m\000e\000n\000t\000a\000t\000i\000o\000n}{subsection.6.20}% 92
\BOOKMARK [2][-]{subsection.6.21}{\376\377\0006\000.\0002\0001\000\040\000E\000q\000u\000a\000t\000i\000o\000n\000D\000a\000t\000a\000:\000:\000O\000u\000t\000f\000l\000o\000w\000\137\000P\000r\000e\000s\000s\000u\000r\000e\000<\000\040\000d\000i\000m\000\040\000>\000\040\000C\000l\000a\000s\000s\000\040\000T\000e\000m\000p\000l\000a\000t\000e\000\040\000R\000e\000f\000e\000r\000e\000n\000c\000e}{section.6}% 93
\BOOKMARK [3][-]{subsubsection.6.21.1}{\376\377\0006\000.\0002\0001\000.\0001\000\040\000C\000o\000n\000s\000t\000r\000u\000c\000t\000o\000r\000\040\000\046\000\040\000D\000e\000s\000t\000r\000u\000c\000t\000o\000r\000\040\000D\000o\000c\000u\000m\000e\000n\000t\000a\000t\000i\000o\000n}{subsection.6.21}% 94
\BOOKMARK [3][-]{subsubsection.6.21.2}{\376\377\0006\000.\0002\0001\000.\0002\000\040\000M\000e\000m\000b\000e\000r\000\040\000F\000u\000n\000c\000t\000i\000o\000n\000\040\000D\000o\000c\000u\000m\000e\000n\000t\000a\000t\000i\000o\000n}{subsection.6.21}% 95
\BOOKMARK [3][-]{subsubsection.6.21.3}{\376\377\0006\000.\0002\0001\000.\0003\000\040\000M\000e\000m\000b\000e\000r\000\040\000D\000a\000t\000a\000\040\000D\000o\000c\000u\000m\000e\000n\000t\000a\000t\000i\000o\000n}{subsection.6.21}% 96
\BOOKMARK [2][-]{subsection.6.22}{\376\377\0006\000.\0002\0002\000\040\000U\000B\000C\000\137\000m\000i\000s\000\137\000m\000i\000x\000i\000n\000g\000<\000\040\000d\000i\000m\000\040\000>\000:\000:\000P\000a\000r\000a\000m\000e\000t\000e\000r\000s\000\040\000S\000t\000r\000u\000c\000t\000\040\000R\000e\000f\000e\000r\000e\000n\000c\000e}{section.6}% 97
\BOOKMARK [3][-]{subsubsection.6.22.1}{\376\377\0006\000.\0002\0002\000.\0001\000\040\000C\000o\000n\000s\000t\000r\000u\000c\000t\000o\000r\000\040\000\046\000\040\000D\000e\000s\000t\000r\000u\000c\000t\000o\000r\000\040\000D\000o\000c\000u\000m\000e\000n\000t\000a\000t\000i\000o\000n}{subsection.6.22}% 98
\BOOKMARK [3][-]{subsubsection.6.22.2}{\376\377\0006\000.\0002\0002\000.\0002\000\040\000M\000e\000m\000b\000e\000r\000\040\000F\000u\000n\000c\000t\000i\000o\000n\000\040\000D\000o\000c\000u\000m\000e\000n\000t\000a\000t\000i\000o\000n}{subsection.6.22}% 99
\BOOKMARK [3][-]{subsubsection.6.22.3}{\376\377\0006\000.\0002\0002\000.\0003\000\040\000M\000e\000m\000b\000e\000r\000\040\000D\000a\000t\000a\000\040\000D\000o\000c\000u\000m\000e\000n\000t\000a\000t\000i\000o\000n}{subsection.6.22}% 100
\BOOKMARK [2][-]{subsection.6.23}{\376\377\0006\000.\0002\0003\000\040\000U\000B\000C\000\137\000m\000i\000s\000\137\000m\000i\000x\000i\000n\000g\000<\000\040\000d\000i\000m\000\040\000>\000:\000:\000P\000o\000s\000t\000p\000r\000o\000c\000e\000s\000s\000o\000r\000<\000\040\000d\000i\000m\000\040\000>\000\040\000C\000l\000a\000s\000s\000\040\000T\000e\000m\000p\000l\000a\000t\000e\000\040\000R\000e\000f\000e\000r\000e\000n\000c\000e}{section.6}% 101
\BOOKMARK [3][-]{subsubsection.6.23.1}{\376\377\0006\000.\0002\0003\000.\0001\000\040\000C\000o\000n\000s\000t\000r\000u\000c\000t\000o\000r\000\040\000\046\000\040\000D\000e\000s\000t\000r\000u\000c\000t\000o\000r\000\040\000D\000o\000c\000u\000m\000e\000n\000t\000a\000t\000i\000o\000n}{subsection.6.23}% 102
\BOOKMARK [3][-]{subsubsection.6.23.2}{\376\377\0006\000.\0002\0003\000.\0002\000\040\000M\000e\000m\000b\000e\000r\000\040\000F\000u\000n\000c\000t\000i\000o\000n\000\040\000D\000o\000c\000u\000m\000e\000n\000t\000a\000t\000i\000o\000n}{subsection.6.23}% 103
\BOOKMARK [2][-]{subsection.6.24}{\376\377\0006\000.\0002\0004\000\040\000A\000s\000s\000e\000m\000b\000l\000y\000:\000:\000S\000c\000r\000a\000t\000c\000h\000:\000:\000p\000r\000e\000s\000s\000u\000r\000e\000\137\000r\000o\000t\000\137\000s\000t\000e\000p\000<\000\040\000d\000i\000m\000\040\000>\000\040\000S\000t\000r\000u\000c\000t\000\040\000T\000e\000m\000p\000l\000a\000t\000e\000\040\000R\000e\000f\000e\000r\000e\000n\000c\000e}{section.6}% 104
\BOOKMARK [3][-]{subsubsection.6.24.1}{\376\377\0006\000.\0002\0004\000.\0001\000\040\000C\000o\000n\000s\000t\000r\000u\000c\000t\000o\000r\000\040\000\046\000\040\000D\000e\000s\000t\000r\000u\000c\000t\000o\000r\000\040\000D\000o\000c\000u\000m\000e\000n\000t\000a\000t\000i\000o\000n}{subsection.6.24}% 105
\BOOKMARK [3][-]{subsubsection.6.24.2}{\376\377\0006\000.\0002\0004\000.\0002\000\040\000M\000e\000m\000b\000e\000r\000\040\000D\000a\000t\000a\000\040\000D\000o\000c\000u\000m\000e\000n\000t\000a\000t\000i\000o\000n}{subsection.6.24}% 106
\BOOKMARK [2][-]{subsection.6.25}{\376\377\0006\000.\0002\0005\000\040\000A\000s\000s\000e\000m\000b\000l\000y\000:\000:\000C\000o\000p\000y\000D\000a\000t\000a\000:\000:\000p\000r\000e\000s\000s\000u\000r\000e\000\137\000r\000o\000t\000\137\000s\000t\000e\000p\000<\000\040\000d\000i\000m\000\040\000>\000\040\000S\000t\000r\000u\000c\000t\000\040\000T\000e\000m\000p\000l\000a\000t\000e\000\040\000R\000e\000f\000e\000r\000e\000n\000c\000e}{section.6}% 107
\BOOKMARK [3][-]{subsubsection.6.25.1}{\376\377\0006\000.\0002\0005\000.\0001\000\040\000C\000o\000n\000s\000t\000r\000u\000c\000t\000o\000r\000\040\000\046\000\040\000D\000e\000s\000t\000r\000u\000c\000t\000o\000r\000\040\000D\000o\000c\000u\000m\000e\000n\000t\000a\000t\000i\000o\000n}{subsection.6.25}% 108
\BOOKMARK [3][-]{subsubsection.6.25.2}{\376\377\0006\000.\0002\0005\000.\0002\000\040\000M\000e\000m\000b\000e\000r\000\040\000D\000a\000t\000a\000\040\000D\000o\000c\000u\000m\000e\000n\000t\000a\000t\000i\000o\000n}{subsection.6.25}% 109
\BOOKMARK [2][-]{subsection.6.26}{\376\377\0006\000.\0002\0006\000\040\000A\000s\000s\000e\000m\000b\000l\000y\000:\000:\000C\000o\000p\000y\000D\000a\000t\000a\000:\000:\000p\000r\000o\000j\000e\000c\000t\000i\000o\000n\000\137\000s\000t\000e\000p\000<\000\040\000d\000i\000m\000\040\000>\000\040\000S\000t\000r\000u\000c\000t\000\040\000T\000e\000m\000p\000l\000a\000t\000e\000\040\000R\000e\000f\000e\000r\000e\000n\000c\000e}{section.6}% 110
\BOOKMARK [3][-]{subsubsection.6.26.1}{\376\377\0006\000.\0002\0006\000.\0001\000\040\000C\000o\000n\000s\000t\000r\000u\000c\000t\000o\000r\000\040\000\046\000\040\000D\000e\000s\000t\000r\000u\000c\000t\000o\000r\000\040\000D\000o\000c\000u\000m\000e\000n\000t\000a\000t\000i\000o\000n}{subsection.6.26}% 111
\BOOKMARK [3][-]{subsubsection.6.26.2}{\376\377\0006\000.\0002\0006\000.\0002\000\040\000M\000e\000m\000b\000e\000r\000\040\000D\000a\000t\000a\000\040\000D\000o\000c\000u\000m\000e\000n\000t\000a\000t\000i\000o\000n}{subsection.6.26}% 112
\BOOKMARK [2][-]{subsection.6.27}{\376\377\0006\000.\0002\0007\000\040\000A\000s\000s\000e\000m\000b\000l\000y\000:\000:\000S\000c\000r\000a\000t\000c\000h\000:\000:\000p\000r\000o\000j\000e\000c\000t\000i\000o\000n\000\137\000s\000t\000e\000p\000<\000\040\000d\000i\000m\000\040\000>\000\040\000S\000t\000r\000u\000c\000t\000\040\000T\000e\000m\000p\000l\000a\000t\000e\000\040\000R\000e\000f\000e\000r\000e\000n\000c\000e}{section.6}% 113
\BOOKMARK [3][-]{subsubsection.6.27.1}{\376\377\0006\000.\0002\0007\000.\0001\000\040\000C\000o\000n\000s\000t\000r\000u\000c\000t\000o\000r\000\040\000\046\000\040\000D\000e\000s\000t\000r\000u\000c\000t\000o\000r\000\040\000D\000o\000c\000u\000m\000e\000n\000t\000a\000t\000i\000o\000n}{subsection.6.27}% 114
\BOOKMARK [3][-]{subsubsection.6.27.2}{\376\377\0006\000.\0002\0007\000.\0002\000\040\000M\000e\000m\000b\000e\000r\000\040\000D\000a\000t\000a\000\040\000D\000o\000c\000u\000m\000e\000n\000t\000a\000t\000i\000o\000n}{subsection.6.27}% 115
\BOOKMARK [2][-]{subsection.6.28}{\376\377\0006\000.\0002\0008\000\040\000p\000s\000\137\000m\000m\000m\000:\000:\000P\000a\000r\000t\000i\000c\000l\000e\000:\000:\000G\000e\000n\000e\000r\000a\000t\000o\000r\000:\000:\000R\000a\000n\000d\000o\000m\000U\000n\000i\000f\000o\000r\000m\000G\000e\000n\000e\000r\000a\000t\000o\000r\000<\000\040\000d\000i\000m\000,\000\040\000T\000\040\000>\000\040\000C\000l\000a\000s\000s\000\040\000T\000e\000m\000p\000l\000a\000t\000e\000\040\000R\000e\000f\000e\000r\000e\000n\000c\000e}{section.6}% 116
\BOOKMARK [3][-]{subsubsection.6.28.1}{\376\377\0006\000.\0002\0008\000.\0001\000\040\000C\000o\000n\000s\000t\000r\000u\000c\000t\000o\000r\000\040\000\046\000\040\000D\000e\000s\000t\000r\000u\000c\000t\000o\000r\000\040\000D\000o\000c\000u\000m\000e\000n\000t\000a\000t\000i\000o\000n}{subsection.6.28}% 117
\BOOKMARK [3][-]{subsubsection.6.28.2}{\376\377\0006\000.\0002\0008\000.\0002\000\040\000M\000e\000m\000b\000e\000r\000\040\000F\000u\000n\000c\000t\000i\000o\000n\000\040\000D\000o\000c\000u\000m\000e\000n\000t\000a\000t\000i\000o\000n}{subsection.6.28}% 118
\BOOKMARK [2][-]{subsection.6.29}{\376\377\0006\000.\0002\0009\000\040\000A\000s\000s\000e\000m\000b\000l\000y\000:\000:\000C\000o\000p\000y\000D\000a\000t\000a\000:\000:\000r\000e\000l\000a\000x\000a\000t\000i\000o\000n\000\137\000d\000i\000v\000\137\000v\000e\000l\000o\000c\000i\000t\000y\000\137\000s\000t\000e\000p\000<\000\040\000d\000i\000m\000\040\000>\000\040\000S\000t\000r\000u\000c\000t\000\040\000T\000e\000m\000p\000l\000a\000t\000e\000\040\000R\000e\000f\000e\000r\000e\000n\000c\000e}{section.6}% 119
\BOOKMARK [3][-]{subsubsection.6.29.1}{\376\377\0006\000.\0002\0009\000.\0001\000\040\000C\000o\000n\000s\000t\000r\000u\000c\000t\000o\000r\000\040\000\046\000\040\000D\000e\000s\000t\000r\000u\000c\000t\000o\000r\000\040\000D\000o\000c\000u\000m\000e\000n\000t\000a\000t\000i\000o\000n}{subsection.6.29}% 120
\BOOKMARK [3][-]{subsubsection.6.29.2}{\376\377\0006\000.\0002\0009\000.\0002\000\040\000M\000e\000m\000b\000e\000r\000\040\000D\000a\000t\000a\000\040\000D\000o\000c\000u\000m\000e\000n\000t\000a\000t\000i\000o\000n}{subsection.6.29}% 121
\BOOKMARK [2][-]{subsection.6.30}{\376\377\0006\000.\0003\0000\000\040\000A\000s\000s\000e\000m\000b\000l\000y\000:\000:\000S\000c\000r\000a\000t\000c\000h\000:\000:\000r\000e\000l\000a\000x\000a\000t\000i\000o\000n\000\137\000d\000i\000v\000\137\000v\000e\000l\000o\000c\000i\000t\000y\000\137\000s\000t\000e\000p\000<\000\040\000d\000i\000m\000\040\000>\000\040\000S\000t\000r\000u\000c\000t\000\040\000T\000e\000m\000p\000l\000a\000t\000e\000\040\000R\000e\000f\000e\000r\000e\000n\000c\000e}{section.6}% 122
\BOOKMARK [3][-]{subsubsection.6.30.1}{\376\377\0006\000.\0003\0000\000.\0001\000\040\000C\000o\000n\000s\000t\000r\000u\000c\000t\000o\000r\000\040\000\046\000\040\000D\000e\000s\000t\000r\000u\000c\000t\000o\000r\000\040\000D\000o\000c\000u\000m\000e\000n\000t\000a\000t\000i\000o\000n}{subsection.6.30}% 123
\BOOKMARK [3][-]{subsubsection.6.30.2}{\376\377\0006\000.\0003\0000\000.\0002\000\040\000M\000e\000m\000b\000e\000r\000\040\000D\000a\000t\000a\000\040\000D\000o\000c\000u\000m\000e\000n\000t\000a\000t\000i\000o\000n}{subsection.6.30}% 124
\BOOKMARK [2][-]{subsection.6.31}{\376\377\0006\000.\0003\0001\000\040\000p\000s\000\137\000m\000m\000m\000:\000:\000P\000a\000r\000t\000i\000c\000l\000e\000:\000:\000I\000n\000t\000e\000g\000r\000a\000t\000o\000r\000:\000:\000R\000K\0002\000I\000n\000t\000e\000g\000r\000a\000t\000o\000r\000<\000\040\000d\000i\000m\000,\000\040\000T\000\040\000>\000\040\000C\000l\000a\000s\000s\000\040\000T\000e\000m\000p\000l\000a\000t\000e\000\040\000R\000e\000f\000e\000r\000e\000n\000c\000e}{section.6}% 125
\BOOKMARK [3][-]{subsubsection.6.31.1}{\376\377\0006\000.\0003\0001\000.\0001\000\040\000D\000e\000t\000a\000i\000l\000e\000d\000\040\000D\000e\000s\000c\000r\000i\000p\000t\000i\000o\000n}{subsection.6.31}% 126
\BOOKMARK [3][-]{subsubsection.6.31.2}{\376\377\0006\000.\0003\0001\000.\0002\000\040\000C\000o\000n\000s\000t\000r\000u\000c\000t\000o\000r\000\040\000\046\000\040\000D\000e\000s\000t\000r\000u\000c\000t\000o\000r\000\040\000D\000o\000c\000u\000m\000e\000n\000t\000a\000t\000i\000o\000n}{subsection.6.31}% 127
\BOOKMARK [3][-]{subsubsection.6.31.3}{\376\377\0006\000.\0003\0001\000.\0003\000\040\000M\000e\000m\000b\000e\000r\000\040\000F\000u\000n\000c\000t\000i\000o\000n\000\040\000D\000o\000c\000u\000m\000e\000n\000t\000a\000t\000i\000o\000n}{subsection.6.31}% 128
\BOOKMARK [2][-]{subsection.6.32}{\376\377\0006\000.\0003\0002\000\040\000p\000s\000\137\000m\000m\000m\000:\000:\000P\000a\000r\000t\000i\000c\000l\000e\000:\000:\000I\000n\000t\000e\000g\000r\000a\000t\000o\000r\000:\000:\000R\000K\0004\000I\000n\000t\000e\000g\000r\000a\000t\000o\000r\000<\000\040\000d\000i\000m\000,\000\040\000T\000\040\000>\000\040\000C\000l\000a\000s\000s\000\040\000T\000e\000m\000p\000l\000a\000t\000e\000\040\000R\000e\000f\000e\000r\000e\000n\000c\000e}{section.6}% 129
\BOOKMARK [3][-]{subsubsection.6.32.1}{\376\377\0006\000.\0003\0002\000.\0001\000\040\000D\000e\000t\000a\000i\000l\000e\000d\000\040\000D\000e\000s\000c\000r\000i\000p\000t\000i\000o\000n}{subsection.6.32}% 130
\BOOKMARK [3][-]{subsubsection.6.32.2}{\376\377\0006\000.\0003\0002\000.\0002\000\040\000C\000o\000n\000s\000t\000r\000u\000c\000t\000o\000r\000\040\000\046\000\040\000D\000e\000s\000t\000r\000u\000c\000t\000o\000r\000\040\000D\000o\000c\000u\000m\000e\000n\000t\000a\000t\000i\000o\000n}{subsection.6.32}% 131
\BOOKMARK [3][-]{subsubsection.6.32.3}{\376\377\0006\000.\0003\0002\000.\0003\000\040\000M\000e\000m\000b\000e\000r\000\040\000F\000u\000n\000c\000t\000i\000o\000n\000\040\000D\000o\000c\000u\000m\000e\000n\000t\000a\000t\000i\000o\000n}{subsection.6.32}% 132
\BOOKMARK [2][-]{subsection.6.33}{\376\377\0006\000.\0003\0003\000\040\000U\000B\000C\000\137\000m\000i\000s\000\137\000m\000i\000x\000i\000n\000g\000<\000\040\000d\000i\000m\000\040\000>\000\040\000C\000l\000a\000s\000s\000\040\000T\000e\000m\000p\000l\000a\000t\000e\000\040\000R\000e\000f\000e\000r\000e\000n\000c\000e}{section.6}% 133
\BOOKMARK [3][-]{subsubsection.6.33.1}{\376\377\0006\000.\0003\0003\000.\0001\000\040\000C\000o\000n\000s\000t\000r\000u\000c\000t\000o\000r\000\040\000\046\000\040\000D\000e\000s\000t\000r\000u\000c\000t\000o\000r\000\040\000D\000o\000c\000u\000m\000e\000n\000t\000a\000t\000i\000o\000n}{subsection.6.33}% 134
\BOOKMARK [3][-]{subsubsection.6.33.2}{\376\377\0006\000.\0003\0003\000.\0002\000\040\000M\000e\000m\000b\000e\000r\000\040\000F\000u\000n\000c\000t\000i\000o\000n\000\040\000D\000o\000c\000u\000m\000e\000n\000t\000a\000t\000i\000o\000n}{subsection.6.33}% 135
\BOOKMARK [2][-]{subsection.6.34}{\376\377\0006\000.\0003\0004\000\040\000p\000s\000\137\000m\000m\000m\000:\000:\000P\000a\000r\000t\000i\000c\000l\000e\000:\000:\000O\000u\000t\000p\000u\000t\000:\000:\000V\000T\000U\000O\000u\000t\000p\000u\000t\000<\000\040\000d\000i\000m\000,\000\040\000T\000\040\000>\000\040\000C\000l\000a\000s\000s\000\040\000T\000e\000m\000p\000l\000a\000t\000e\000\040\000R\000e\000f\000e\000r\000e\000n\000c\000e}{section.6}% 136
\BOOKMARK [3][-]{subsubsection.6.34.1}{\376\377\0006\000.\0003\0004\000.\0001\000\040\000C\000o\000n\000s\000t\000r\000u\000c\000t\000o\000r\000\040\000\046\000\040\000D\000e\000s\000t\000r\000u\000c\000t\000o\000r\000\040\000D\000o\000c\000u\000m\000e\000n\000t\000a\000t\000i\000o\000n}{subsection.6.34}% 137
\BOOKMARK [3][-]{subsubsection.6.34.2}{\376\377\0006\000.\0003\0004\000.\0002\000\040\000M\000e\000m\000b\000e\000r\000\040\000F\000u\000n\000c\000t\000i\000o\000n\000\040\000D\000o\000c\000u\000m\000e\000n\000t\000a\000t\000i\000o\000n}{subsection.6.34}% 138
\BOOKMARK [2][-]{subsection.6.35}{\376\377\0006\000.\0003\0005\000\040\000p\000s\000\137\000m\000m\000m\000:\000:\000P\000a\000r\000t\000i\000c\000l\000e\000:\000:\000W\000o\000r\000l\000d\000<\000\040\000d\000i\000m\000,\000\040\000T\000\040\000>\000\040\000C\000l\000a\000s\000s\000\040\000T\000e\000m\000p\000l\000a\000t\000e\000\040\000R\000e\000f\000e\000r\000e\000n\000c\000e}{section.6}% 139
\BOOKMARK [3][-]{subsubsection.6.35.1}{\376\377\0006\000.\0003\0005\000.\0001\000\040\000C\000o\000n\000s\000t\000r\000u\000c\000t\000o\000r\000\040\000\046\000\040\000D\000e\000s\000t\000r\000u\000c\000t\000o\000r\000\040\000D\000o\000c\000u\000m\000e\000n\000t\000a\000t\000i\000o\000n}{subsection.6.35}% 140
\BOOKMARK [3][-]{subsubsection.6.35.2}{\376\377\0006\000.\0003\0005\000.\0002\000\040\000M\000e\000m\000b\000e\000r\000\040\000F\000u\000n\000c\000t\000i\000o\000n\000\040\000D\000o\000c\000u\000m\000e\000n\000t\000a\000t\000i\000o\000n}{subsection.6.35}% 141
\BOOKMARK [1][-]{section.7}{\376\377\0007\000\040\000F\000i\000l\000e\000\040\000D\000o\000c\000u\000m\000e\000n\000t\000a\000t\000i\000o\000n}{}% 142
\BOOKMARK [2][-]{subsection.7.1}{\376\377\0007\000.\0001\000\040\000/\000U\000s\000e\000r\000s\000/\000m\000i\000r\000a\000n\000u\000s\000/\000w\000o\000r\000k\000/\000D\000e\000v\000s\000/\000m\000i\000s\000c\000i\000b\000l\000e\000\137\000m\000i\000x\000i\000n\000g\000\137\000s\000e\000r\000i\000e\000s\000/\000m\000i\000s\000c\000i\000b\000l\000e\000\137\000m\000i\000x\000i\000n\000g\000/\000i\000n\000c\000l\000u\000d\000e\000/\000m\000i\000s\000m\000i\000x\000/\000a\000s\000s\000e\000m\000b\000l\000y\000\137\000c\000o\000p\000y\000d\000a\000t\000a\000.\000h\000\040\000F\000i\000l\000e\000\040\000R\000e\000f\000e\000r\000e\000n\000c\000e}{section.7}% 143
\BOOKMARK [2][-]{subsection.7.2}{\376\377\0007\000.\0002\000\040\000/\000U\000s\000e\000r\000s\000/\000m\000i\000r\000a\000n\000u\000s\000/\000w\000o\000r\000k\000/\000D\000e\000v\000s\000/\000m\000i\000s\000c\000i\000b\000l\000e\000\137\000m\000i\000x\000i\000n\000g\000\137\000s\000e\000r\000i\000e\000s\000/\000m\000i\000s\000c\000i\000b\000l\000e\000\137\000m\000i\000x\000i\000n\000g\000/\000i\000n\000c\000l\000u\000d\000e\000/\000m\000i\000s\000m\000i\000x\000/\000c\000l\000a\000s\000s\000.\000h\000\040\000F\000i\000l\000e\000\040\000R\000e\000f\000e\000r\000e\000n\000c\000e}{section.7}% 144
\BOOKMARK [2][-]{subsection.7.3}{\376\377\0007\000.\0003\000\040\000/\000U\000s\000e\000r\000s\000/\000m\000i\000r\000a\000n\000u\000s\000/\000w\000o\000r\000k\000/\000D\000e\000v\000s\000/\000m\000i\000s\000c\000i\000b\000l\000e\000\137\000m\000i\000x\000i\000n\000g\000\137\000s\000e\000r\000i\000e\000s\000/\000m\000i\000s\000c\000i\000b\000l\000e\000\137\000m\000i\000x\000i\000n\000g\000/\000i\000n\000c\000l\000u\000d\000e\000/\000m\000i\000s\000m\000i\000x\000/\000e\000q\000u\000a\000t\000i\000o\000n\000\137\000d\000a\000t\000a\000.\000h\000\040\000F\000i\000l\000e\000\040\000R\000e\000f\000e\000r\000e\000n\000c\000e}{section.7}% 145
\BOOKMARK [2][-]{subsection.7.4}{\376\377\0007\000.\0004\000\040\000/\000U\000s\000e\000r\000s\000/\000m\000i\000r\000a\000n\000u\000s\000/\000w\000o\000r\000k\000/\000D\000e\000v\000s\000/\000m\000i\000s\000c\000i\000b\000l\000e\000\137\000m\000i\000x\000i\000n\000g\000\137\000s\000e\000r\000i\000e\000s\000/\000m\000i\000s\000c\000i\000b\000l\000e\000\137\000m\000i\000x\000i\000n\000g\000/\000i\000n\000c\000l\000u\000d\000e\000/\000m\000i\000s\000m\000i\000x\000/\000i\000n\000c\000l\000u\000d\000e\000.\000h\000\040\000F\000i\000l\000e\000\040\000R\000e\000f\000e\000r\000e\000n\000c\000e}{section.7}% 146
\BOOKMARK [2][-]{subsection.7.5}{\376\377\0007\000.\0005\000\040\000/\000U\000s\000e\000r\000s\000/\000m\000i\000r\000a\000n\000u\000s\000/\000w\000o\000r\000k\000/\000D\000e\000v\000s\000/\000m\000i\000s\000c\000i\000b\000l\000e\000\137\000m\000i\000x\000i\000n\000g\000\137\000s\000e\000r\000i\000e\000s\000/\000m\000i\000s\000c\000i\000b\000l\000e\000\137\000m\000i\000x\000i\000n\000g\000/\000i\000n\000c\000l\000u\000d\000e\000/\000m\000i\000s\000m\000i\000x\000/\000p\000a\000r\000a\000m\000e\000t\000e\000r\000.\000h\000\040\000F\000i\000l\000e\000\040\000R\000e\000f\000e\000r\000e\000n\000c\000e}{section.7}% 147
\BOOKMARK [2][-]{subsection.7.6}{\376\377\0007\000.\0006\000\040\000/\000U\000s\000e\000r\000s\000/\000m\000i\000r\000a\000n\000u\000s\000/\000w\000o\000r\000k\000/\000D\000e\000v\000s\000/\000m\000i\000s\000c\000i\000b\000l\000e\000\137\000m\000i\000x\000i\000n\000g\000\137\000s\000e\000r\000i\000e\000s\000/\000m\000i\000s\000c\000i\000b\000l\000e\000\137\000m\000i\000x\000i\000n\000g\000/\000i\000n\000c\000l\000u\000d\000e\000/\000m\000i\000s\000m\000i\000x\000/\000p\000a\000r\000t\000i\000c\000l\000e\000/\000g\000e\000n\000e\000r\000a\000t\000o\000r\000.\000h\000\040\000F\000i\000l\000e\000\040\000R\000e\000f\000e\000r\000e\000n\000c\000e}{section.7}% 148
\BOOKMARK [2][-]{subsection.7.7}{\376\377\0007\000.\0007\000\040\000/\000U\000s\000e\000r\000s\000/\000m\000i\000r\000a\000n\000u\000s\000/\000w\000o\000r\000k\000/\000D\000e\000v\000s\000/\000m\000i\000s\000c\000i\000b\000l\000e\000\137\000m\000i\000x\000i\000n\000g\000\137\000s\000e\000r\000i\000e\000s\000/\000m\000i\000s\000c\000i\000b\000l\000e\000\137\000m\000i\000x\000i\000n\000g\000/\000i\000n\000c\000l\000u\000d\000e\000/\000m\000i\000s\000m\000i\000x\000/\000p\000a\000r\000t\000i\000c\000l\000e\000/\000i\000n\000t\000e\000g\000r\000a\000t\000o\000r\000.\000h\000\040\000F\000i\000l\000e\000\040\000R\000e\000f\000e\000r\000e\000n\000c\000e}{section.7}% 149
\BOOKMARK [2][-]{subsection.7.8}{\376\377\0007\000.\0008\000\040\000/\000U\000s\000e\000r\000s\000/\000m\000i\000r\000a\000n\000u\000s\000/\000w\000o\000r\000k\000/\000D\000e\000v\000s\000/\000m\000i\000s\000c\000i\000b\000l\000e\000\137\000m\000i\000x\000i\000n\000g\000\137\000s\000e\000r\000i\000e\000s\000/\000m\000i\000s\000c\000i\000b\000l\000e\000\137\000m\000i\000x\000i\000n\000g\000/\000i\000n\000c\000l\000u\000d\000e\000/\000m\000i\000s\000m\000i\000x\000/\000p\000a\000r\000t\000i\000c\000l\000e\000/\000o\000u\000t\000p\000u\000t\000.\000h\000\040\000F\000i\000l\000e\000\040\000R\000e\000f\000e\000r\000e\000n\000c\000e}{section.7}% 150
\BOOKMARK [2][-]{subsection.7.9}{\376\377\0007\000.\0009\000\040\000/\000U\000s\000e\000r\000s\000/\000m\000i\000r\000a\000n\000u\000s\000/\000w\000o\000r\000k\000/\000D\000e\000v\000s\000/\000m\000i\000s\000c\000i\000b\000l\000e\000\137\000m\000i\000x\000i\000n\000g\000\137\000s\000e\000r\000i\000e\000s\000/\000m\000i\000s\000c\000i\000b\000l\000e\000\137\000m\000i\000x\000i\000n\000g\000/\000i\000n\000c\000l\000u\000d\000e\000/\000m\000i\000s\000m\000i\000x\000/\000p\000a\000r\000t\000i\000c\000l\000e\000/\000p\000a\000r\000t\000i\000c\000l\000e\000.\000h\000\040\000F\000i\000l\000e\000\040\000R\000e\000f\000e\000r\000e\000n\000c\000e}{section.7}% 151
\BOOKMARK [2][-]{subsection.7.10}{\376\377\0007\000.\0001\0000\000\040\000/\000U\000s\000e\000r\000s\000/\000m\000i\000r\000a\000n\000u\000s\000/\000w\000o\000r\000k\000/\000D\000e\000v\000s\000/\000m\000i\000s\000c\000i\000b\000l\000e\000\137\000m\000i\000x\000i\000n\000g\000\137\000s\000e\000r\000i\000e\000s\000/\000m\000i\000s\000c\000i\000b\000l\000e\000\137\000m\000i\000x\000i\000n\000g\000/\000i\000n\000c\000l\000u\000d\000e\000/\000m\000i\000s\000m\000i\000x\000/\000p\000a\000r\000t\000i\000c\000l\000e\000/\000w\000o\000r\000l\000d\000.\000h\000\040\000F\000i\000l\000e\000\040\000R\000e\000f\000e\000r\000e\000n\000c\000e}{section.7}% 152
\BOOKMARK [2][-]{subsection.7.11}{\376\377\0007\000.\0001\0001\000\040\000/\000U\000s\000e\000r\000s\000/\000m\000i\000r\000a\000n\000u\000s\000/\000w\000o\000r\000k\000/\000D\000e\000v\000s\000/\000m\000i\000s\000c\000i\000b\000l\000e\000\137\000m\000i\000x\000i\000n\000g\000\137\000s\000e\000r\000i\000e\000s\000/\000m\000i\000s\000c\000i\000b\000l\000e\000\137\000m\000i\000x\000i\000n\000g\000/\000s\000o\000u\000r\000c\000e\000/\000a\000m\000r\000/\000a\000m\000r\000.\000c\000c\000\040\000F\000i\000l\000e\000\040\000R\000e\000f\000e\000r\000e\000n\000c\000e}{section.7}% 153
\BOOKMARK [2][-]{subsection.7.12}{\376\377\0007\000.\0001\0002\000\040\000/\000U\000s\000e\000r\000s\000/\000m\000i\000r\000a\000n\000u\000s\000/\000w\000o\000r\000k\000/\000D\000e\000v\000s\000/\000m\000i\000s\000c\000i\000b\000l\000e\000\137\000m\000i\000x\000i\000n\000g\000\137\000s\000e\000r\000i\000e\000s\000/\000m\000i\000s\000c\000i\000b\000l\000e\000\137\000m\000i\000x\000i\000n\000g\000/\000s\000o\000u\000r\000c\000e\000/\000c\000o\000n\000s\000t\000i\000t\000u\000t\000i\000v\000e\000\137\000m\000o\000d\000e\000l\000/\000c\000o\000n\000s\000t\000i\000\137\000m\000o\000d\000e\000l\000.\000c\000c\000\040\000F\000i\000l\000e\000\040\000R\000e\000f\000e\000r\000e\000n\000c\000e}{section.7}% 154
\BOOKMARK [2][-]{subsection.7.13}{\376\377\0007\000.\0001\0003\000\040\000/\000U\000s\000e\000r\000s\000/\000m\000i\000r\000a\000n\000u\000s\000/\000w\000o\000r\000k\000/\000D\000e\000v\000s\000/\000m\000i\000s\000c\000i\000b\000l\000e\000\137\000m\000i\000x\000i\000n\000g\000\137\000s\000e\000r\000i\000e\000s\000/\000m\000i\000s\000c\000i\000b\000l\000e\000\137\000m\000i\000x\000i\000n\000g\000/\000s\000o\000u\000r\000c\000e\000/\000m\000a\000i\000n\000/\000m\000a\000i\000n\000.\000c\000c\000\040\000F\000i\000l\000e\000\040\000R\000e\000f\000e\000r\000e\000n\000c\000e}{section.7}% 155
\BOOKMARK [3][-]{subsubsection.7.13.1}{\376\377\0007\000.\0001\0003\000.\0001\000\040\000F\000u\000n\000c\000t\000i\000o\000n\000\040\000D\000o\000c\000u\000m\000e\000n\000t\000a\000t\000i\000o\000n}{subsection.7.13}% 156
\BOOKMARK [2][-]{subsection.7.14}{\376\377\0007\000.\0001\0004\000\040\000/\000U\000s\000e\000r\000s\000/\000m\000i\000r\000a\000n\000u\000s\000/\000w\000o\000r\000k\000/\000D\000e\000v\000s\000/\000m\000i\000s\000c\000i\000b\000l\000e\000\137\000m\000i\000x\000i\000n\000g\000\137\000s\000e\000r\000i\000e\000s\000/\000m\000i\000s\000c\000i\000b\000l\000e\000\137\000m\000i\000x\000i\000n\000g\000/\000s\000o\000u\000r\000c\000e\000/\000m\000a\000i\000n\000/\000r\000u\000n\000.\000c\000c\000\040\000F\000i\000l\000e\000\040\000R\000e\000f\000e\000r\000e\000n\000c\000e}{section.7}% 157
\BOOKMARK [2][-]{subsection.7.15}{\376\377\0007\000.\0001\0005\000\040\000/\000U\000s\000e\000r\000s\000/\000m\000i\000r\000a\000n\000u\000s\000/\000w\000o\000r\000k\000/\000D\000e\000v\000s\000/\000m\000i\000s\000c\000i\000b\000l\000e\000\137\000m\000i\000x\000i\000n\000g\000\137\000s\000e\000r\000i\000e\000s\000/\000m\000i\000s\000c\000i\000b\000l\000e\000\137\000m\000i\000x\000i\000n\000g\000/\000s\000o\000u\000r\000c\000e\000/\000p\000a\000r\000t\000i\000c\000l\000e\000/\000g\000e\000n\000e\000r\000a\000t\000o\000r\000.\000c\000c\000\040\000F\000i\000l\000e\000\040\000R\000e\000f\000e\000r\000e\000n\000c\000e}{section.7}% 158
\BOOKMARK [2][-]{subsection.7.16}{\376\377\0007\000.\0001\0006\000\040\000/\000U\000s\000e\000r\000s\000/\000m\000i\000r\000a\000n\000u\000s\000/\000w\000o\000r\000k\000/\000D\000e\000v\000s\000/\000m\000i\000s\000c\000i\000b\000l\000e\000\137\000m\000i\000x\000i\000n\000g\000\137\000s\000e\000r\000i\000e\000s\000/\000m\000i\000s\000c\000i\000b\000l\000e\000\137\000m\000i\000x\000i\000n\000g\000/\000s\000o\000u\000r\000c\000e\000/\000p\000a\000r\000t\000i\000c\000l\000e\000/\000i\000n\000t\000e\000g\000r\000a\000t\000o\000r\000.\000c\000c\000\040\000F\000i\000l\000e\000\040\000R\000e\000f\000e\000r\000e\000n\000c\000e}{section.7}% 159
\BOOKMARK [2][-]{subsection.7.17}{\376\377\0007\000.\0001\0007\000\040\000/\000U\000s\000e\000r\000s\000/\000m\000i\000r\000a\000n\000u\000s\000/\000w\000o\000r\000k\000/\000D\000e\000v\000s\000/\000m\000i\000s\000c\000i\000b\000l\000e\000\137\000m\000i\000x\000i\000n\000g\000\137\000s\000e\000r\000i\000e\000s\000/\000m\000i\000s\000c\000i\000b\000l\000e\000\137\000m\000i\000x\000i\000n\000g\000/\000s\000o\000u\000r\000c\000e\000/\000p\000a\000r\000t\000i\000c\000l\000e\000/\000o\000u\000t\000p\000u\000t\000.\000c\000c\000\040\000F\000i\000l\000e\000\040\000R\000e\000f\000e\000r\000e\000n\000c\000e}{section.7}% 160
\BOOKMARK [2][-]{subsection.7.18}{\376\377\0007\000.\0001\0008\000\040\000/\000U\000s\000e\000r\000s\000/\000m\000i\000r\000a\000n\000u\000s\000/\000w\000o\000r\000k\000/\000D\000e\000v\000s\000/\000m\000i\000s\000c\000i\000b\000l\000e\000\137\000m\000i\000x\000i\000n\000g\000\137\000s\000e\000r\000i\000e\000s\000/\000m\000i\000s\000c\000i\000b\000l\000e\000\137\000m\000i\000x\000i\000n\000g\000/\000s\000o\000u\000r\000c\000e\000/\000p\000a\000r\000t\000i\000c\000l\000e\000/\000p\000a\000r\000t\000i\000c\000l\000e\000.\000c\000c\000\040\000F\000i\000l\000e\000\040\000R\000e\000f\000e\000r\000e\000n\000c\000e}{section.7}% 161
\BOOKMARK [2][-]{subsection.7.19}{\376\377\0007\000.\0001\0009\000\040\000/\000U\000s\000e\000r\000s\000/\000m\000i\000r\000a\000n\000u\000s\000/\000w\000o\000r\000k\000/\000D\000e\000v\000s\000/\000m\000i\000s\000c\000i\000b\000l\000e\000\137\000m\000i\000x\000i\000n\000g\000\137\000s\000e\000r\000i\000e\000s\000/\000m\000i\000s\000c\000i\000b\000l\000e\000\137\000m\000i\000x\000i\000n\000g\000/\000s\000o\000u\000r\000c\000e\000/\000p\000o\000s\000t\000\137\000p\000r\000o\000c\000e\000s\000s\000/\000e\000x\000t\000r\000a\000c\000t\000\137\000d\000a\000t\000a\000.\000c\000c\000\040\000F\000i\000l\000e\000\040\000R\000e\000f\000e\000r\000e\000n\000c\000e}{section.7}% 162
\BOOKMARK [2][-]{subsection.7.20}{\376\377\0007\000.\0002\0000\000\040\000/\000U\000s\000e\000r\000s\000/\000m\000i\000r\000a\000n\000u\000s\000/\000w\000o\000r\000k\000/\000D\000e\000v\000s\000/\000m\000i\000s\000c\000i\000b\000l\000e\000\137\000m\000i\000x\000i\000n\000g\000\137\000s\000e\000r\000i\000e\000s\000/\000m\000i\000s\000c\000i\000b\000l\000e\000\137\000m\000i\000x\000i\000n\000g\000/\000s\000o\000u\000r\000c\000e\000/\000p\000o\000s\000t\000\137\000p\000r\000o\000c\000e\000s\000s\000/\000p\000o\000s\000t\000\137\000p\000r\000o\000c\000e\000s\000s\000i\000n\000g\000.\000c\000c\000\040\000F\000i\000l\000e\000\040\000R\000e\000f\000e\000r\000e\000n\000c\000e}{section.7}% 163
\BOOKMARK [2][-]{subsection.7.21}{\376\377\0007\000.\0002\0001\000\040\000/\000U\000s\000e\000r\000s\000/\000m\000i\000r\000a\000n\000u\000s\000/\000w\000o\000r\000k\000/\000D\000e\000v\000s\000/\000m\000i\000s\000c\000i\000b\000l\000e\000\137\000m\000i\000x\000i\000n\000g\000\137\000s\000e\000r\000i\000e\000s\000/\000m\000i\000s\000c\000i\000b\000l\000e\000\137\000m\000i\000x\000i\000n\000g\000/\000s\000o\000u\000r\000c\000e\000/\000p\000r\000e\000\137\000p\000r\000o\000c\000e\000s\000s\000/\000c\000o\000n\000s\000t\000r\000u\000c\000t\000o\000r\000.\000c\000c\000\040\000F\000i\000l\000e\000\040\000R\000e\000f\000e\000r\000e\000n\000c\000e}{section.7}% 164
\BOOKMARK [2][-]{subsection.7.22}{\376\377\0007\000.\0002\0002\000\040\000/\000U\000s\000e\000r\000s\000/\000m\000i\000r\000a\000n\000u\000s\000/\000w\000o\000r\000k\000/\000D\000e\000v\000s\000/\000m\000i\000s\000c\000i\000b\000l\000e\000\137\000m\000i\000x\000i\000n\000g\000\137\000s\000e\000r\000i\000e\000s\000/\000m\000i\000s\000c\000i\000b\000l\000e\000\137\000m\000i\000x\000i\000n\000g\000/\000s\000o\000u\000r\000c\000e\000/\000p\000r\000e\000\137\000p\000r\000o\000c\000e\000s\000s\000/\000m\000e\000s\000h\000\137\000i\000n\000.\000c\000c\000\040\000F\000i\000l\000e\000\040\000R\000e\000f\000e\000r\000e\000n\000c\000e}{section.7}% 165
\BOOKMARK [2][-]{subsection.7.23}{\376\377\0007\000.\0002\0003\000\040\000/\000U\000s\000e\000r\000s\000/\000m\000i\000r\000a\000n\000u\000s\000/\000w\000o\000r\000k\000/\000D\000e\000v\000s\000/\000m\000i\000s\000c\000i\000b\000l\000e\000\137\000m\000i\000x\000i\000n\000g\000\137\000s\000e\000r\000i\000e\000s\000/\000m\000i\000s\000c\000i\000b\000l\000e\000\137\000m\000i\000x\000i\000n\000g\000/\000s\000o\000u\000r\000c\000e\000/\000p\000r\000e\000\137\000p\000r\000o\000c\000e\000s\000s\000/\000r\000e\000a\000d\000\137\000a\000n\000d\000\137\000w\000r\000i\000t\000e\000.\000c\000c\000\040\000F\000i\000l\000e\000\040\000R\000e\000f\000e\000r\000e\000n\000c\000e}{section.7}% 166
\BOOKMARK [2][-]{subsection.7.24}{\376\377\0007\000.\0002\0004\000\040\000/\000U\000s\000e\000r\000s\000/\000m\000i\000r\000a\000n\000u\000s\000/\000w\000o\000r\000k\000/\000D\000e\000v\000s\000/\000m\000i\000s\000c\000i\000b\000l\000e\000\137\000m\000i\000x\000i\000n\000g\000\137\000s\000e\000r\000i\000e\000s\000/\000m\000i\000s\000c\000i\000b\000l\000e\000\137\000m\000i\000x\000i\000n\000g\000/\000s\000o\000u\000r\000c\000e\000/\000p\000r\000e\000\137\000p\000r\000o\000c\000e\000s\000s\000/\000s\000e\000t\000u\000p\000\137\000d\000o\000f\000s\000.\000c\000c\000\040\000F\000i\000l\000e\000\040\000R\000e\000f\000e\000r\000e\000n\000c\000e}{section.7}% 167
\BOOKMARK [2][-]{subsection.7.25}{\376\377\0007\000.\0002\0005\000\040\000/\000U\000s\000e\000r\000s\000/\000m\000i\000r\000a\000n\000u\000s\000/\000w\000o\000r\000k\000/\000D\000e\000v\000s\000/\000m\000i\000s\000c\000i\000b\000l\000e\000\137\000m\000i\000x\000i\000n\000g\000\137\000s\000e\000r\000i\000e\000s\000/\000m\000i\000s\000c\000i\000b\000l\000e\000\137\000m\000i\000x\000i\000n\000g\000/\000s\000o\000u\000r\000c\000e\000/\000s\000o\000l\000v\000e\000r\000/\000n\000a\000v\000i\000e\000r\000\137\000s\000t\000o\000k\000e\000s\000/\000c\000o\000n\000t\000r\000o\000l\000.\000c\000c\000\040\000F\000i\000l\000e\000\040\000R\000e\000f\000e\000r\000e\000n\000c\000e}{section.7}% 168
\BOOKMARK [2][-]{subsection.7.26}{\376\377\0007\000.\0002\0006\000\040\000/\000U\000s\000e\000r\000s\000/\000m\000i\000r\000a\000n\000u\000s\000/\000w\000o\000r\000k\000/\000D\000e\000v\000s\000/\000m\000i\000s\000c\000i\000b\000l\000e\000\137\000m\000i\000x\000i\000n\000g\000\137\000s\000e\000r\000i\000e\000s\000/\000m\000i\000s\000c\000i\000b\000l\000e\000\137\000m\000i\000x\000i\000n\000g\000/\000s\000o\000u\000r\000c\000e\000/\000s\000o\000l\000v\000e\000r\000/\000n\000a\000v\000i\000e\000r\000\137\000s\000t\000o\000k\000e\000s\000/\000p\000r\000o\000j\000e\000c\000t\000i\000o\000n\000\137\000f\000o\000r\000\137\000d\000i\000v\000\137\000v\000e\000l\000o\000c\000i\000t\000y\000.\000c\000c\000\040\000F\000i\000l\000e\000\040\000R\000e\000f\000e\000r\000e\000n\000c\000e}{section.7}% 169
\BOOKMARK [2][-]{subsection.7.27}{\376\377\0007\000.\0002\0007\000\040\000/\000U\000s\000e\000r\000s\000/\000m\000i\000r\000a\000n\000u\000s\000/\000w\000o\000r\000k\000/\000D\000e\000v\000s\000/\000m\000i\000s\000c\000i\000b\000l\000e\000\137\000m\000i\000x\000i\000n\000g\000\137\000s\000e\000r\000i\000e\000s\000/\000m\000i\000s\000c\000i\000b\000l\000e\000\137\000m\000i\000x\000i\000n\000g\000/\000s\000o\000u\000r\000c\000e\000/\000s\000o\000l\000v\000e\000r\000/\000n\000a\000v\000i\000e\000r\000\137\000s\000t\000o\000k\000e\000s\000/\000s\000o\000l\000v\000e\000\137\000n\000s\000\137\000e\000q\000u\000a\000t\000i\000o\000n\000.\000c\000c\000\040\000F\000i\000l\000e\000\040\000R\000e\000f\000e\000r\000e\000n\000c\000e}{section.7}% 170
\BOOKMARK [2][-]{subsection.7.28}{\376\377\0007\000.\0002\0008\000\040\000/\000U\000s\000e\000r\000s\000/\000m\000i\000r\000a\000n\000u\000s\000/\000w\000o\000r\000k\000/\000D\000e\000v\000s\000/\000m\000i\000s\000c\000i\000b\000l\000e\000\137\000m\000i\000x\000i\000n\000g\000\137\000s\000e\000r\000i\000e\000s\000/\000m\000i\000s\000c\000i\000b\000l\000e\000\137\000m\000i\000x\000i\000n\000g\000/\000s\000o\000u\000r\000c\000e\000/\000s\000o\000l\000v\000e\000r\000/\000p\000h\000a\000s\000e\000/\000s\000o\000l\000v\000e\000\137\000h\000y\000p\000e\000r\000b\000o\000l\000i\000c\000\137\000e\000q\000u\000a\000t\000i\000o\000n\000.\000c\000c\000\040\000F\000i\000l\000e\000\040\000R\000e\000f\000e\000r\000e\000n\000c\000e}{section.7}% 171
\BOOKMARK [2][-]{subsection.7.29}{\376\377\0007\000.\0002\0009\000\040\000/\000U\000s\000e\000r\000s\000/\000m\000i\000r\000a\000n\000u\000s\000/\000w\000o\000r\000k\000/\000D\000e\000v\000s\000/\000m\000i\000s\000c\000i\000b\000l\000e\000\137\000m\000i\000x\000i\000n\000g\000\137\000s\000e\000r\000i\000e\000s\000/\000m\000i\000s\000c\000i\000b\000l\000e\000\137\000m\000i\000x\000i\000n\000g\000/\000s\000o\000u\000r\000c\000e\000/\000s\000u\000p\000p\000o\000r\000t\000/\000u\000t\000i\000l\000i\000t\000i\000e\000s\000.\000c\000c\000\040\000F\000i\000l\000e\000\040\000R\000e\000f\000e\000r\000e\000n\000c\000e}{section.7}% 172
\BOOKMARK [1][-]{section*.120}{\376\377\000I\000n\000d\000e\000x}{}% 173
